<?xml version="1.0" encoding="UTF-8"?>
<coverage generated="1508113471750" clover="3.2.0">
  <project timestamp="1508113471750" name="All files">
    <metrics statements="51" coveredstatements="48" conditionals="16" coveredconditionals="16" methods="29" coveredmethods="26" elements="96" coveredelements="90" complexity="0" loc="51" ncloc="51" packages="6" files="6" classes="6">
      <package name="components.App">
        <metrics statements="20" coveredstatements="17" conditionals="6" coveredconditionals="6" methods="10" coveredmethods="8"/>
        <file name="index.js" path="/home/me/Code/learning/client/components/App/index.js">
          <metrics statements="20" coveredstatements="17" conditionals="6" coveredconditionals="6" methods="10" coveredmethods="8"/>
          <line num="8" count="9" type="stmt"/>
          <line num="9" count="9" type="stmt"/>
          <line num="19" count="9" type="stmt"/>
          <line num="20" count="9" type="stmt"/>
          <line num="21" count="9" type="stmt"/>
          <line num="25" count="0" type="stmt"/>
          <line num="26" count="0" type="stmt"/>
          <line num="27" count="0" type="stmt"/>
          <line num="31" count="1" type="stmt"/>
          <line num="35" count="2" type="stmt"/>
          <line num="36" count="2" type="cond" truecount="2" falsecount="0"/>
          <line num="37" count="1" type="stmt"/>
          <line num="42" count="1" type="stmt"/>
          <line num="46" count="1" type="stmt"/>
          <line num="50" count="16" type="stmt"/>
          <line num="51" count="16" type="cond" truecount="2" falsecount="0"/>
          <line num="52" count="12" type="stmt"/>
          <line num="53" count="4" type="cond" truecount="2" falsecount="0"/>
          <line num="54" count="2" type="stmt"/>
          <line num="59" count="13" type="stmt"/>
        </file>
      </package>
      <package name="components.Button">
        <metrics statements="2" coveredstatements="2" conditionals="0" coveredconditionals="0" methods="2" coveredmethods="2"/>
        <file name="index.js" path="/home/me/Code/learning/client/components/Button/index.js">
          <metrics statements="2" coveredstatements="2" conditionals="0" coveredconditionals="0" methods="2" coveredmethods="2"/>
          <line num="11" count="1" type="stmt"/>
          <line num="15" count="2" type="stmt"/>
        </file>
      </package>
      <package name="components.Cell">
        <metrics statements="11" coveredstatements="11" conditionals="4" coveredconditionals="4" methods="5" coveredmethods="5"/>
        <file name="index.js" path="/home/me/Code/learning/client/components/Cell/index.js">
          <metrics statements="11" coveredstatements="11" conditionals="4" coveredconditionals="4" methods="5" coveredmethods="5"/>
          <line num="13" count="33" type="stmt"/>
          <line num="14" count="33" type="cond" truecount="2" falsecount="0"/>
          <line num="15" count="5" type="stmt"/>
          <line num="16" count="28" type="cond" truecount="2" falsecount="0"/>
          <line num="17" count="3" type="stmt"/>
          <line num="19" count="25" type="stmt"/>
          <line num="23" count="1" type="stmt"/>
          <line num="24" count="1" type="stmt"/>
          <line num="28" count="34" type="stmt"/>
          <line num="37" count="31" type="stmt"/>
          <line num="38" count="1" type="stmt"/>
        </file>
      </package>
      <package name="components.Grid">
        <metrics statements="8" coveredstatements="8" conditionals="0" coveredconditionals="0" methods="8" coveredmethods="8"/>
        <file name="index.js" path="/home/me/Code/learning/client/components/Grid/index.js">
          <metrics statements="8" coveredstatements="8" conditionals="0" coveredconditionals="0" methods="8" coveredmethods="8"/>
          <line num="13" count="9" type="stmt"/>
          <line num="17" count="9" type="stmt"/>
          <line num="18" count="27" type="stmt"/>
          <line num="19" count="27" type="stmt"/>
          <line num="31" count="1" type="stmt"/>
          <line num="35" count="27" type="stmt"/>
          <line num="39" count="27" type="stmt"/>
          <line num="43" count="3" type="stmt"/>
        </file>
      </package>
      <package name="components.Overlay">
        <metrics statements="9" coveredstatements="9" conditionals="6" coveredconditionals="6" methods="4" coveredmethods="3"/>
        <file name="index.js" path="/home/me/Code/learning/client/components/Overlay/index.js">
          <metrics statements="9" coveredstatements="9" conditionals="6" coveredconditionals="6" methods="4" coveredmethods="3"/>
          <line num="5" count="2" type="stmt"/>
          <line num="18" count="1" type="stmt"/>
          <line num="22" count="9" type="cond" truecount="2" falsecount="0"/>
          <line num="23" count="1" type="stmt"/>
          <line num="24" count="8" type="cond" truecount="2" falsecount="0"/>
          <line num="25" count="1" type="stmt"/>
          <line num="26" count="7" type="cond" truecount="2" falsecount="0"/>
          <line num="27" count="1" type="stmt"/>
          <line num="32" count="9" type="stmt"/>
        </file>
      </package>
      <package name="config">
        <metrics statements="1" coveredstatements="1" conditionals="0" coveredconditionals="0" methods="0" coveredmethods="0"/>
        <file name="setupTests.js" path="/home/me/Code/learning/client/config/setupTests.js">
          <metrics statements="1" coveredstatements="1" conditionals="0" coveredconditionals="0" methods="0" coveredmethods="0"/>
          <line num="4" count="5" type="stmt"/>
        </file>
      </package>
    </metrics>
  </project>
</coverage>
