{"/home/me/Code/learning/client/components/App/index.js": {"path":"/home/me/Code/learning/client/components/App/index.js","statementMap":{"0":{"start":{"line":8,"column":4},"end":{"line":8,"column":25}},"1":{"start":{"line":9,"column":4},"end":{"line":15,"column":5}},"2":{"start":{"line":19,"column":4},"end":{"line":19,"column":58}},"3":{"start":{"line":20,"column":4},"end":{"line":20,"column":25}},"4":{"start":{"line":21,"column":4},"end":{"line":21,"column":54}},"5":{"start":{"line":25,"column":4},"end":{"line":25,"column":23}},"6":{"start":{"line":26,"column":4},"end":{"line":26,"column":77}},"7":{"start":{"line":26,"column":49},"end":{"line":26,"column":76}},"8":{"start":{"line":27,"column":4},"end":{"line":27,"column":34}},"9":{"start":{"line":31,"column":4},"end":{"line":31,"column":33}},"10":{"start":{"line":35,"column":4},"end":{"line":35,"column":28}},"11":{"start":{"line":36,"column":4},"end":{"line":38,"column":5}},"12":{"start":{"line":37,"column":6},"end":{"line":37,"column":25}},"13":{"start":{"line":42,"column":4},"end":{"line":42,"column":38}},"14":{"start":{"line":46,"column":4},"end":{"line":46,"column":46}},"15":{"start":{"line":50,"column":19},"end":{"line":50,"column":36}},"16":{"start":{"line":51,"column":4},"end":{"line":55,"column":5}},"17":{"start":{"line":52,"column":6},"end":{"line":52,"column":64}},"18":{"start":{"line":53,"column":11},"end":{"line":55,"column":5}},"19":{"start":{"line":54,"column":6},"end":{"line":54,"column":77}},"20":{"start":{"line":59,"column":4},"end":{"line":83,"column":5}}},"fnMap":{"0":{"name":"(anonymous_0)","decl":{"start":{"line":7,"column":2},"end":{"line":7,"column":3}},"loc":{"start":{"line":7,"column":30},"end":{"line":16,"column":3}},"line":7},"1":{"name":"(anonymous_1)","decl":{"start":{"line":18,"column":2},"end":{"line":18,"column":3}},"loc":{"start":{"line":18,"column":22},"end":{"line":22,"column":3}},"line":18},"2":{"name":"(anonymous_2)","decl":{"start":{"line":24,"column":2},"end":{"line":24,"column":3}},"loc":{"start":{"line":24,"column":14},"end":{"line":28,"column":3}},"line":24},"3":{"name":"(anonymous_3)","decl":{"start":{"line":26,"column":34},"end":{"line":26,"column":35}},"loc":{"start":{"line":26,"column":49},"end":{"line":26,"column":76}},"line":26},"4":{"name":"(anonymous_4)","decl":{"start":{"line":30,"column":2},"end":{"line":30,"column":3}},"loc":{"start":{"line":30,"column":12},"end":{"line":32,"column":3}},"line":30},"5":{"name":"(anonymous_5)","decl":{"start":{"line":34,"column":2},"end":{"line":34,"column":3}},"loc":{"start":{"line":34,"column":25},"end":{"line":39,"column":3}},"line":34},"6":{"name":"(anonymous_6)","decl":{"start":{"line":41,"column":2},"end":{"line":41,"column":3}},"loc":{"start":{"line":41,"column":17},"end":{"line":43,"column":3}},"line":41},"7":{"name":"(anonymous_7)","decl":{"start":{"line":45,"column":2},"end":{"line":45,"column":3}},"loc":{"start":{"line":45,"column":30},"end":{"line":47,"column":3}},"line":45},"8":{"name":"(anonymous_8)","decl":{"start":{"line":49,"column":2},"end":{"line":49,"column":3}},"loc":{"start":{"line":49,"column":18},"end":{"line":56,"column":3}},"line":49},"9":{"name":"(anonymous_9)","decl":{"start":{"line":58,"column":2},"end":{"line":58,"column":3}},"loc":{"start":{"line":58,"column":11},"end":{"line":84,"column":3}},"line":58}},"branchMap":{"0":{"loc":{"start":{"line":36,"column":4},"end":{"line":38,"column":5}},"type":"if","locations":[{"start":{"line":36,"column":4},"end":{"line":38,"column":5}},{"start":{"line":36,"column":4},"end":{"line":38,"column":5}}],"line":36},"1":{"loc":{"start":{"line":51,"column":4},"end":{"line":55,"column":5}},"type":"if","locations":[{"start":{"line":51,"column":4},"end":{"line":55,"column":5}},{"start":{"line":51,"column":4},"end":{"line":55,"column":5}}],"line":51},"2":{"loc":{"start":{"line":53,"column":11},"end":{"line":55,"column":5}},"type":"if","locations":[{"start":{"line":53,"column":11},"end":{"line":55,"column":5}},{"start":{"line":53,"column":11},"end":{"line":55,"column":5}}],"line":53}},"s":{"0":9,"1":9,"2":9,"3":9,"4":9,"5":0,"6":0,"7":0,"8":0,"9":1,"10":2,"11":2,"12":1,"13":1,"14":1,"15":16,"16":16,"17":12,"18":4,"19":2,"20":13},"f":{"0":9,"1":9,"2":0,"3":0,"4":1,"5":2,"6":1,"7":1,"8":16,"9":13},"b":{"0":[1,1],"1":[12,4],"2":[2,2]},"_coverageSchema":"332fd63041d2c1bcb487cc26dd0d5f7d97098a6c","hash":"9a45092a73ca8d7dcb7abef045b7686625574cb2"}
,"/home/me/Code/learning/client/components/Button/index.js": {"path":"/home/me/Code/learning/client/components/Button/index.js","statementMap":{"0":{"start":{"line":11,"column":4},"end":{"line":11,"column":28}},"1":{"start":{"line":15,"column":4},"end":{"line":31,"column":5}}},"fnMap":{"0":{"name":"(anonymous_0)","decl":{"start":{"line":10,"column":2},"end":{"line":10,"column":3}},"loc":{"start":{"line":10,"column":16},"end":{"line":12,"column":3}},"line":10},"1":{"name":"(anonymous_1)","decl":{"start":{"line":14,"column":2},"end":{"line":14,"column":3}},"loc":{"start":{"line":14,"column":11},"end":{"line":32,"column":3}},"line":14}},"branchMap":{},"s":{"0":1,"1":2},"f":{"0":1,"1":2},"b":{},"_coverageSchema":"332fd63041d2c1bcb487cc26dd0d5f7d97098a6c","hash":"70bcdc5ef76226fc7af91397e2989e30a5b0825c"}
,"/home/me/Code/learning/client/components/Cell/index.js": {"path":"/home/me/Code/learning/client/components/Cell/index.js","statementMap":{"0":{"start":{"line":13,"column":19},"end":{"line":13,"column":36}},"1":{"start":{"line":14,"column":4},"end":{"line":18,"column":5}},"2":{"start":{"line":15,"column":6},"end":{"line":15,"column":16}},"3":{"start":{"line":16,"column":11},"end":{"line":18,"column":5}},"4":{"start":{"line":17,"column":6},"end":{"line":17,"column":16}},"5":{"start":{"line":19,"column":4},"end":{"line":19,"column":13}},"6":{"start":{"line":23,"column":21},"end":{"line":23,"column":40}},"7":{"start":{"line":24,"column":4},"end":{"line":24,"column":36}},"8":{"start":{"line":28,"column":4},"end":{"line":33,"column":6}},"9":{"start":{"line":37,"column":4},"end":{"line":74,"column":5}},"10":{"start":{"line":38,"column":52},"end":{"line":38,"column":70}}},"fnMap":{"0":{"name":"(anonymous_0)","decl":{"start":{"line":12,"column":2},"end":{"line":12,"column":3}},"loc":{"start":{"line":12,"column":18},"end":{"line":20,"column":3}},"line":12},"1":{"name":"(anonymous_1)","decl":{"start":{"line":22,"column":2},"end":{"line":22,"column":3}},"loc":{"start":{"line":22,"column":16},"end":{"line":25,"column":3}},"line":22},"2":{"name":"(anonymous_2)","decl":{"start":{"line":27,"column":2},"end":{"line":27,"column":3}},"loc":{"start":{"line":27,"column":11},"end":{"line":34,"column":3}},"line":27},"3":{"name":"(anonymous_3)","decl":{"start":{"line":36,"column":2},"end":{"line":36,"column":3}},"loc":{"start":{"line":36,"column":11},"end":{"line":75,"column":3}},"line":36},"4":{"name":"(anonymous_4)","decl":{"start":{"line":38,"column":46},"end":{"line":38,"column":47}},"loc":{"start":{"line":38,"column":52},"end":{"line":38,"column":70}},"line":38}},"branchMap":{"0":{"loc":{"start":{"line":14,"column":4},"end":{"line":18,"column":5}},"type":"if","locations":[{"start":{"line":14,"column":4},"end":{"line":18,"column":5}},{"start":{"line":14,"column":4},"end":{"line":18,"column":5}}],"line":14},"1":{"loc":{"start":{"line":16,"column":11},"end":{"line":18,"column":5}},"type":"if","locations":[{"start":{"line":16,"column":11},"end":{"line":18,"column":5}},{"start":{"line":16,"column":11},"end":{"line":18,"column":5}}],"line":16}},"s":{"0":33,"1":33,"2":5,"3":28,"4":3,"5":25,"6":1,"7":1,"8":34,"9":31,"10":1},"f":{"0":33,"1":1,"2":34,"3":31,"4":1},"b":{"0":[5,28],"1":[3,25]},"_coverageSchema":"332fd63041d2c1bcb487cc26dd0d5f7d97098a6c","hash":"984fd3c49da5efdb7c82d2beff25ca6b126bcfc6"}
,"/home/me/Code/learning/client/components/Grid/index.js": {"path":"/home/me/Code/learning/client/components/Grid/index.js","statementMap":{"0":{"start":{"line":13,"column":4},"end":{"line":13,"column":83}},"1":{"start":{"line":13,"column":51},"end":{"line":13,"column":82}},"2":{"start":{"line":17,"column":4},"end":{"line":27,"column":6}},"3":{"start":{"line":18,"column":23},"end":{"line":18,"column":70}},"4":{"start":{"line":19,"column":6},"end":{"line":26,"column":7}},"5":{"start":{"line":31,"column":4},"end":{"line":31,"column":36}},"6":{"start":{"line":35,"column":4},"end":{"line":35,"column":51}},"7":{"start":{"line":39,"column":4},"end":{"line":39,"column":34}},"8":{"start":{"line":43,"column":4},"end":{"line":64,"column":5}}},"fnMap":{"0":{"name":"(anonymous_0)","decl":{"start":{"line":12,"column":2},"end":{"line":12,"column":3}},"loc":{"start":{"line":12,"column":15},"end":{"line":14,"column":3}},"line":12},"1":{"name":"(anonymous_1)","decl":{"start":{"line":13,"column":32},"end":{"line":13,"column":33}},"loc":{"start":{"line":13,"column":51},"end":{"line":13,"column":82}},"line":13},"2":{"name":"(anonymous_2)","decl":{"start":{"line":16,"column":2},"end":{"line":16,"column":3}},"loc":{"start":{"line":16,"column":29},"end":{"line":28,"column":3}},"line":16},"3":{"name":"(anonymous_3)","decl":{"start":{"line":17,"column":19},"end":{"line":17,"column":20}},"loc":{"start":{"line":17,"column":42},"end":{"line":27,"column":5}},"line":17},"4":{"name":"(anonymous_4)","decl":{"start":{"line":30,"column":2},"end":{"line":30,"column":3}},"loc":{"start":{"line":30,"column":24},"end":{"line":32,"column":3}},"line":30},"5":{"name":"(anonymous_5)","decl":{"start":{"line":34,"column":2},"end":{"line":34,"column":3}},"loc":{"start":{"line":34,"column":45},"end":{"line":36,"column":3}},"line":34},"6":{"name":"(anonymous_6)","decl":{"start":{"line":38,"column":2},"end":{"line":38,"column":3}},"loc":{"start":{"line":38,"column":9},"end":{"line":40,"column":3}},"line":38},"7":{"name":"(anonymous_7)","decl":{"start":{"line":42,"column":2},"end":{"line":42,"column":3}},"loc":{"start":{"line":42,"column":11},"end":{"line":65,"column":3}},"line":42}},"branchMap":{},"s":{"0":3,"1":9,"2":9,"3":27,"4":27,"5":1,"6":27,"7":27,"8":3},"f":{"0":3,"1":9,"2":9,"3":27,"4":1,"5":27,"6":27,"7":3},"b":{},"_coverageSchema":"332fd63041d2c1bcb487cc26dd0d5f7d97098a6c","hash":"3c7689a26b41d1403df7f024806b754f5842d8cf"}
,"/home/me/Code/learning/client/components/Overlay/index.js": {"path":"/home/me/Code/learning/client/components/Overlay/index.js","statementMap":{"0":{"start":{"line":5,"column":13},"end":{"line":5,"column":21}},"1":{"start":{"line":5,"column":20},"end":{"line":5,"column":21}},"2":{"start":{"line":18,"column":4},"end":{"line":18,"column":28}},"3":{"start":{"line":22,"column":4},"end":{"line":28,"column":5}},"4":{"start":{"line":23,"column":6},"end":{"line":23,"column":31}},"5":{"start":{"line":24,"column":11},"end":{"line":28,"column":5}},"6":{"start":{"line":25,"column":6},"end":{"line":25,"column":29}},"7":{"start":{"line":26,"column":11},"end":{"line":28,"column":5}},"8":{"start":{"line":27,"column":6},"end":{"line":27,"column":28}},"9":{"start":{"line":32,"column":4},"end":{"line":62,"column":5}}},"fnMap":{"0":{"name":"(anonymous_0)","decl":{"start":{"line":5,"column":13},"end":{"line":5,"column":14}},"loc":{"start":{"line":5,"column":20},"end":{"line":5,"column":21}},"line":5},"1":{"name":"(anonymous_1)","decl":{"start":{"line":17,"column":2},"end":{"line":17,"column":3}},"loc":{"start":{"line":17,"column":16},"end":{"line":19,"column":3}},"line":17},"2":{"name":"(anonymous_2)","decl":{"start":{"line":21,"column":2},"end":{"line":21,"column":3}},"loc":{"start":{"line":21,"column":17},"end":{"line":29,"column":3}},"line":21},"3":{"name":"(anonymous_3)","decl":{"start":{"line":31,"column":2},"end":{"line":31,"column":3}},"loc":{"start":{"line":31,"column":11},"end":{"line":63,"column":3}},"line":31}},"branchMap":{"0":{"loc":{"start":{"line":22,"column":4},"end":{"line":28,"column":5}},"type":"if","locations":[{"start":{"line":22,"column":4},"end":{"line":28,"column":5}},{"start":{"line":22,"column":4},"end":{"line":28,"column":5}}],"line":22},"1":{"loc":{"start":{"line":24,"column":11},"end":{"line":28,"column":5}},"type":"if","locations":[{"start":{"line":24,"column":11},"end":{"line":28,"column":5}},{"start":{"line":24,"column":11},"end":{"line":28,"column":5}}],"line":24},"2":{"loc":{"start":{"line":26,"column":11},"end":{"line":28,"column":5}},"type":"if","locations":[{"start":{"line":26,"column":11},"end":{"line":28,"column":5}},{"start":{"line":26,"column":11},"end":{"line":28,"column":5}}],"line":26}},"s":{"0":2,"1":0,"2":1,"3":9,"4":1,"5":8,"6":1,"7":7,"8":1,"9":9},"f":{"0":0,"1":1,"2":9,"3":9},"b":{"0":[1,8],"1":[1,7],"2":[1,6]},"_coverageSchema":"332fd63041d2c1bcb487cc26dd0d5f7d97098a6c","hash":"fb28a10149b71879e9689bec9c2799a42c913803"}
,"/home/me/Code/learning/client/config/setupTests.js": {"path":"/home/me/Code/learning/client/config/setupTests.js","statementMap":{"0":{"start":{"line":4,"column":0},"end":{"line":4,"column":38}}},"fnMap":{},"branchMap":{},"s":{"0":5},"f":{},"b":{},"_coverageSchema":"332fd63041d2c1bcb487cc26dd0d5f7d97098a6c","hash":"496987fe2769baab3cd3c2271138040ec431b9b8"}
}
