TN:
SF:/home/me/Code/learning/client/components/App/index.js
FN:7,(anonymous_0)
FN:18,(anonymous_1)
FN:24,(anonymous_2)
FN:26,(anonymous_3)
FN:30,(anonymous_4)
FN:34,(anonymous_5)
FN:41,(anonymous_6)
FN:45,(anonymous_7)
FN:49,(anonymous_8)
FN:58,(anonymous_9)
FNF:10
FNH:8
FNDA:9,(anonymous_0)
FNDA:9,(anonymous_1)
FNDA:0,(anonymous_2)
FNDA:0,(anonymous_3)
FNDA:1,(anonymous_4)
FNDA:2,(anonymous_5)
FNDA:1,(anonymous_6)
FNDA:1,(anonymous_7)
FNDA:16,(anonymous_8)
FNDA:13,(anonymous_9)
DA:8,9
DA:9,9
DA:19,9
DA:20,9
DA:21,9
DA:25,0
DA:26,0
DA:27,0
DA:31,1
DA:35,2
DA:36,2
DA:37,1
DA:42,1
DA:46,1
DA:50,16
DA:51,16
DA:52,12
DA:53,4
DA:54,2
DA:59,13
LF:20
LH:17
BRDA:36,0,0,1
BRDA:36,0,1,1
BRDA:51,1,0,12
BRDA:51,1,1,4
BRDA:53,2,0,2
BRDA:53,2,1,2
BRF:6
BRH:6
end_of_record
TN:
SF:/home/me/Code/learning/client/components/Button/index.js
FN:10,(anonymous_0)
FN:14,(anonymous_1)
FNF:2
FNH:2
FNDA:1,(anonymous_0)
FNDA:2,(anonymous_1)
DA:11,1
DA:15,2
LF:2
LH:2
BRF:0
BRH:0
end_of_record
TN:
SF:/home/me/Code/learning/client/components/Cell/index.js
FN:12,(anonymous_0)
FN:22,(anonymous_1)
FN:27,(anonymous_2)
FN:36,(anonymous_3)
FN:38,(anonymous_4)
FNF:5
FNH:5
FNDA:33,(anonymous_0)
FNDA:1,(anonymous_1)
FNDA:34,(anonymous_2)
FNDA:31,(anonymous_3)
FNDA:1,(anonymous_4)
DA:13,33
DA:14,33
DA:15,5
DA:16,28
DA:17,3
DA:19,25
DA:23,1
DA:24,1
DA:28,34
DA:37,31
DA:38,1
LF:11
LH:11
BRDA:14,0,0,5
BRDA:14,0,1,28
BRDA:16,1,0,3
BRDA:16,1,1,25
BRF:4
BRH:4
end_of_record
TN:
SF:/home/me/Code/learning/client/components/Grid/index.js
FN:12,(anonymous_0)
FN:13,(anonymous_1)
FN:16,(anonymous_2)
FN:17,(anonymous_3)
FN:30,(anonymous_4)
FN:34,(anonymous_5)
FN:38,(anonymous_6)
FN:42,(anonymous_7)
FNF:8
FNH:8
FNDA:3,(anonymous_0)
FNDA:9,(anonymous_1)
FNDA:9,(anonymous_2)
FNDA:27,(anonymous_3)
FNDA:1,(anonymous_4)
FNDA:27,(anonymous_5)
FNDA:27,(anonymous_6)
FNDA:3,(anonymous_7)
DA:13,9
DA:17,9
DA:18,27
DA:19,27
DA:31,1
DA:35,27
DA:39,27
DA:43,3
LF:8
LH:8
BRF:0
BRH:0
end_of_record
TN:
SF:/home/me/Code/learning/client/components/Overlay/index.js
FN:5,(anonymous_0)
FN:17,(anonymous_1)
FN:21,(anonymous_2)
FN:31,(anonymous_3)
FNF:4
FNH:3
FNDA:0,(anonymous_0)
FNDA:1,(anonymous_1)
FNDA:9,(anonymous_2)
FNDA:9,(anonymous_3)
DA:5,2
DA:18,1
DA:22,9
DA:23,1
DA:24,8
DA:25,1
DA:26,7
DA:27,1
DA:32,9
LF:9
LH:9
BRDA:22,0,0,1
BRDA:22,0,1,8
BRDA:24,1,0,1
BRDA:24,1,1,7
BRDA:26,2,0,1
BRDA:26,2,1,6
BRF:6
BRH:6
end_of_record
TN:
SF:/home/me/Code/learning/client/config/setupTests.js
FNF:0
FNH:0
DA:4,5
LF:1
LH:1
BRF:0
BRH:0
end_of_record
